2021-04-03 07:45:42 - b'[DEBUG] Application Start...'
2021-04-03 07:49:16 - b'[DEBUG] Application Start...'
2021-04-03 07:49:45 - b'[DEBUG]  : Bot Running!'
2021-04-03 07:50:42 - b'[DEBUG]  : Group Codingnesia [-1001450181223]: /start@getidsbot'
2021-04-03 07:50:55 - b'[DEBUG]  : Group Codingnesia [-1001450181223]: /help@CodingnesiaBot'
2021-04-03 07:51:02 - b'[DEBUG]  : Group Codingnesia [-1001450181223]: /cuanSignal@CodingnesiaBot'
2021-04-03 07:51:02 - b'[DEBUG]  : Mas Wahyu [683970345]: Registered User'
2021-04-03 07:54:01 - b'[DEBUG]  : Group Codingnesia [-1001450181223]: /help@CodingnesiaBot'
2021-04-03 07:54:03 - b'[DEBUG]  : Group Codingnesia [-1001450181223]: /gicsignal@CodingnesiaBot'
2021-04-03 07:54:03 - b'[DEBUG]  : Mas Wahyu [683970345]: Registered User'
2021-04-03 07:58:43 - b'[DEBUG] Application Start...'
2021-04-03 07:59:11 - b'[DEBUG]  : Bot Running!'
2021-04-03 07:59:12 - b'[DEBUG]  : Group Codingnesia [-1001450181223]: /help@CodingnesiaBot'
2021-04-03 07:59:12 - b'[DEBUG]  : Group Codingnesia [-1001450181223]: /my_qouta@CodingnesiaBot'
2021-04-03 09:08:03 - b'[DEBUG] Application Start...'
2021-04-03 09:08:30 - b'[DEBUG]  : Bot Running!'
2021-04-03 09:08:32 - b'[DEBUG]  : Group Codingnesia [-1001450181223]: /help@CodingnesiaBot'
2021-04-03 09:09:05 - b'[DEBUG]  : Group Codingnesia [-1001450181223]: /help@CodingnesiaBot'
2021-04-03 09:12:12 - b'[DEBUG] Application Start...'
2021-04-03 09:12:39 - b'[DEBUG]  : Bot Running!'
2021-04-03 09:12:40 - b'[DEBUG]  : Mas Wahyu [683970345]: /help@CodingnesiaBot'
2021-04-03 09:14:29 - b'[DEBUG]  : Mas Wahyu [683970345]: /my_qouta@CodingnesiaBot'
2021-04-25 09:38:55 - b'[DEBUG] Application Start...'
2021-04-25 09:39:22 - b'[DEBUG]  : Bot Running!'
2021-04-25 09:41:18 - b'[DEBUG]  : Syarifuddin [1586536163]: /syarifuddin\xf0\x9f\x91\x86hadir'
2021-04-25 09:41:49 - b'[DEBUG] Application Start...'
2021-04-25 09:42:19 - b'[DEBUG]  : Bot Running!'
2021-04-25 09:42:21 - b'[DEBUG]  : Mas Wahyu [683970345]: /my_qouta@CodingnesiaBot'
2021-04-25 09:46:34 - b'[DEBUG]  : Mas Wahyu [683970345]: /gicsignal XAUUSD 1D'
2021-04-25 09:46:34 - b'[DEBUG]  : Mas Wahyu [683970345]: Registered User'
2021-04-25 09:47:02 - b'[DEBUG]  : Mas Wahyu [683970345]: /tdAdmin'
2021-04-25 09:47:52 - b'[DEBUG]  : Mas Wahyu [683970345]: /tdgAdmin'
2021-04-25 09:48:23 - b'[DEBUG]  : Mas Wahyu [683970345]: /helpAdmin'
2021-04-25 09:48:38 - b'[DEBUG]  : Mas Wahyu [683970345]: /group_id@CodingnesiaBot'
2021-04-25 09:48:38 - b'[DEBUG]  : Mas Wahyu [683970345]: Registered Group'
2021-04-25 09:48:41 - b'[DEBUG]  : Mas Wahyu [683970345]: /getQuotaGroup@CodingnesiaBot'
2021-04-25 09:49:03 - b'[DEBUG]  : Mas Wahyu [683970345]: /setQuotaGroup@CodingnesiaBot'
2021-04-25 09:49:22 - b'[DEBUG]  : Mas Wahyu [683970345]: /gicsignal XAUUSD 1D'
2021-04-25 09:49:22 - b'[DEBUG]  : Mas Wahyu [683970345]: Registered User'
2021-04-25 09:49:47 - b'[DEBUG]  : 683970345 | No Alert (/gicsignal XAUUSD 1D)'
2021-04-25 09:50:05 - b"[ERROR]  : -1001450181223 | [WinError 2] The system cannot find the file specified: 'C:\\\\Users\\\\Legian\\\\Downloads\\\\download.png' -> 'C:\\\\Users\\\\Legian\\\\Documents\\\\Research Python\\\\Bot Tradingview\\\\TradingView - Rev 4/image/2021-04-25_095005.png'"
2021-04-25 09:59:34 - b'[DEBUG] Application Start...'
2021-04-25 10:00:03 - b'[DEBUG]  : Bot Running!'
2021-04-25 10:02:37 - b'[DEBUG]  : Mas Wahyu [683970345]: /gicsignal XAUUSD 1D'
2021-04-25 10:02:37 - b'[DEBUG]  : Mas Wahyu [683970345]: Registered User'
2021-04-25 10:02:50 - b'[DEBUG]  : 683970345 | No Alert (/gicsignal XAUUSD 1D)'
2021-04-25 10:03:08 - b"[ERROR]  : -1001450181223 | [WinError 2] The system cannot find the file specified: 'C:\\\\Users\\\\Legian\\\\Downloads\\\\download.png' -> 'C:\\\\Users\\\\Legian\\\\Documents\\\\Research Python\\\\Bot Tradingview\\\\TradingView - Rev 4/image/2021-04-25_100308.png'"
2021-04-25 10:03:24 - b'[DEBUG]  : Mas Wahyu [683970345]: /gicsignal BTCUSD 1D'
2021-04-25 10:03:24 - b'[DEBUG]  : Mas Wahyu [683970345]: Registered User'
2021-04-25 10:03:28 - b'[DEBUG]  : 683970345 | Alert Accepted (/gicsignal BTCUSD 1D)'
2021-04-25 10:03:48 - b"[ERROR]  : -1001450181223 | [WinError 2] The system cannot find the file specified: 'C:\\\\Users\\\\Legian\\\\Downloads\\\\download.png' -> 'C:\\\\Users\\\\Legian\\\\Documents\\\\Research Python\\\\Bot Tradingview\\\\TradingView - Rev 4/image/2021-04-25_100348.png'"
2021-04-25 10:05:42 - b'[DEBUG]  : Mas Wahyu [683970345]: /gicsignal ETHUSD 1D'
2021-04-25 10:05:42 - b'[DEBUG]  : Mas Wahyu [683970345]: Registered User'
2021-04-25 10:05:46 - b'[DEBUG]  : 683970345 | Alert Accepted (/gicsignal ETHUSD 1D)'
2021-04-25 10:06:06 - b"[ERROR]  : -1001450181223 | [WinError 2] The system cannot find the file specified: 'C:\\\\Users\\\\Legian\\\\Downloads\\\\download.png' -> 'C:\\\\Users\\\\Legian\\\\Documents\\\\Research Python\\\\Bot Tradingview\\\\TradingView - Rev 4/image/2021-04-25_100606.png'"
2021-04-25 10:14:18 - b'[DEBUG] Application Start...'
2021-04-25 10:14:20 - b'[ERROR]  : Message: unknown error: cannot determine loading status\nfrom disconnected: received Inspector.detached event\n  (Session info: chrome=90.0.4430.85)\n'
2021-04-25 10:15:14 - b'[DEBUG] Application Start...'
2021-04-25 10:15:16 - b'[ERROR]  : Message: unknown error: cannot determine loading status\nfrom disconnected: received Inspector.detached event\n  (Session info: chrome=90.0.4430.85)\n'
2021-04-25 10:15:29 - b'[DEBUG] Application Start...'
2021-04-25 10:15:55 - b'[DEBUG]  : Bot Running!'
2021-04-25 10:16:14 - b'[DEBUG]  : Mas Wahyu [683970345]: /gicsignal ETHUSD 1D'
2021-04-25 10:16:14 - b'[DEBUG]  : Mas Wahyu [683970345]: Registered User'
2021-04-25 10:16:29 - b'[DEBUG]  : 683970345 | No Alert (/gicsignal ETHUSD 1D)'
2021-04-25 10:16:45 - b"[ERROR]  : -1001450181223 | [WinError 3] The system cannot find the path specified: 'C:\\\\Users\\\\Legian\\\\Downloads\\\\download.png'"
2021-04-25 10:26:20 - b'[DEBUG]  : Mas Wahyu [683970345]: /gicsignal XAUUSD 1D'
2021-04-25 10:26:20 - b'[DEBUG]  : Mas Wahyu [683970345]: Registered User'
2021-04-25 10:26:24 - b'[DEBUG]  : 683970345 | Alert Accepted (/gicsignal XAUUSD 1D)'
2021-04-25 10:26:44 - b"[ERROR]  : -1001450181223 | [WinError 3] The system cannot find the path specified: 'C:\\\\Users\\\\Legian\\\\Downloads\\\\download.png'"
2021-04-25 10:33:42 - b'[DEBUG] Application Start...'
2021-04-25 10:34:07 - b'[DEBUG]  : Bot Running!'
2021-04-25 10:35:21 - b'[DEBUG]  : Mas Wahyu [683970345]: /gicsignal XAUUSD 1D'
2021-04-25 10:35:21 - b'[DEBUG]  : Mas Wahyu [683970345]: Registered User'
2021-04-25 10:35:37 - b'[DEBUG]  : 683970345 | No Alert (/gicsignal XAUUSD 1D)'
2021-04-25 10:35:57 - b'[ERROR]  : -1001450181223 | Message: stale element reference: element is not attached to the page document\n  (Session info: chrome=90.0.4430.85)\n'
2021-04-25 10:39:58 - b'[DEBUG] Application Start...'
2021-04-25 10:40:25 - b'[DEBUG]  : Bot Running!'
2021-04-25 10:40:26 - b'[DEBUG]  : Mas Wahyu [683970345]: Registered User'
2021-04-25 10:40:26 - b'[DEBUG]  : Mas Wahyu [683970345]: /gicsignal XAUUSD 1D'
2021-04-25 10:40:36 - b'[DEBUG]  : 683970345 | No Alert (/gicsignal XAUUSD 1D)'
2021-04-25 10:40:42 - b'[ERROR]  : -1001450181223 | Message: stale element reference: element is not attached to the page document\n  (Session info: chrome=90.0.4430.85)\n'
2021-04-25 10:41:07 - b'[DEBUG]  : Mas Wahyu [683970345]: /gicsignal XAUUSD 1D'
2021-04-25 10:41:07 - b'[DEBUG]  : Mas Wahyu [683970345]: Registered User'
2021-04-25 10:41:11 - b'[DEBUG]  : 683970345 | Alert Accepted (/gicsignal XAUUSD 1D)'
2021-04-25 10:41:33 - b'[ERROR]  : -1001450181223 | Message: stale element reference: element is not attached to the page document\n  (Session info: chrome=90.0.4430.85)\n'
2021-04-25 10:42:06 - b'[DEBUG] Application Start...'
2021-04-25 10:42:40 - b'[DEBUG]  : Bot Running!'
2021-04-25 10:43:19 - b'[DEBUG]  : Mas Wahyu [683970345]: /gicsignal XAUUSD 1D'
2021-04-25 10:43:19 - b'[DEBUG]  : Mas Wahyu [683970345]: Registered User'
2021-04-25 10:43:39 - b'[DEBUG]  : 683970345 | No Alert (/gicsignal XAUUSD 1D)'
2021-04-25 10:44:05 - b'[ERROR]  : -1001450181223 | Message: stale element reference: element is not attached to the page document\n  (Session info: chrome=90.0.4430.85)\n'
2021-04-25 10:46:29 - b'[DEBUG] Application Start...'
2021-04-25 10:47:01 - b'[DEBUG]  : Bot Running!'
2021-04-25 10:47:28 - b'[DEBUG]  : Mas Wahyu [683970345]: Registered User'
2021-04-25 10:47:28 - b'[DEBUG]  : Mas Wahyu [683970345]: /gicsignal XAUUSD 1D'
2021-04-25 10:48:11 - b'[DEBUG]  : 683970345 | No Alert (/gicsignal XAUUSD 1D)'
2021-04-25 10:48:39 - b'[ERROR]  : -1001450181223 | Message: stale element reference: element is not attached to the page document\n  (Session info: chrome=90.0.4430.85)\n'
2021-04-25 10:50:04 - b'[DEBUG] Application Start...'
2021-04-25 10:50:32 - b'[DEBUG] Application Start...'
2021-04-25 10:50:50 - b"[ERROR]  : Message: unknown error: failed to change window state to 'normal', current state is 'maximized'\n  (Session info: chrome=90.0.4430.85)\n"
2021-04-25 10:51:10 - b'[DEBUG]  : Bot Running!'
2021-04-25 10:52:11 - b'[DEBUG]  : Mas Wahyu [683970345]: /gicsignal XAUUSD 1D'
2021-04-25 10:52:11 - b'[DEBUG]  : Mas Wahyu [683970345]: Registered User'
2021-04-25 10:52:21 - b'[DEBUG]  : 683970345 | No Alert (/gicsignal XAUUSD 1D)'
2021-04-25 10:52:37 - b'[ERROR]  : -1001450181223 | Message: stale element reference: element is not attached to the page document\n  (Session info: chrome=90.0.4430.85)\n'
2021-04-25 10:52:51 - b'[DEBUG]  : Mas Wahyu [683970345]: /gicsignal XAUUSD 1D'
2021-04-25 10:52:51 - b'[DEBUG]  : Mas Wahyu [683970345]: Registered User'
2021-04-25 10:53:04 - b'[DEBUG]  : 683970345 | No Alert (/gicsignal XAUUSD 1D)'
2021-04-25 10:53:24 - b'[DEBUG] Application Start...'
2021-04-25 10:53:49 - b'[DEBUG]  : Bot Running!'
2021-04-25 10:55:19 - b'[DEBUG]  : Mas Wahyu [683970345]: /gicsignal XAUUSD 1D'
2021-04-25 10:55:19 - b'[DEBUG]  : Mas Wahyu [683970345]: Registered User'
2021-04-25 10:57:06 - b'[DEBUG] Application Start...'
2021-04-25 10:57:40 - b'[DEBUG]  : Bot Running!'
2021-04-25 10:57:49 - b'[DEBUG]  : Mas Wahyu [683970345]: /gicsignal XAUUSD 1D'
2021-04-25 10:57:49 - b'[DEBUG]  : Mas Wahyu [683970345]: Registered User'
2021-04-25 10:58:02 - b'[DEBUG]  : 683970345 | No Alert (/gicsignal XAUUSD 1D)'
2021-04-25 10:58:20 - b'[ERROR]  : -1001450181223 | Message: stale element reference: element is not attached to the page document\n  (Session info: chrome=90.0.4430.85)\n'
2021-04-25 10:59:47 - b'[DEBUG]  : Mas Wahyu [683970345]: /gicsignal XAUUSD 1D'
2021-04-25 10:59:47 - b'[DEBUG]  : Mas Wahyu [683970345]: Registered User'
2021-04-25 10:59:52 - b"[ERROR]  : -1001450181223 | HTTPSConnectionPool(host='api.telegram.org', port=443): Read timed out. (read timeout=3.5)"
2021-04-25 11:02:17 - b'[DEBUG] Application Start...'
2021-04-25 11:02:43 - b'[DEBUG]  : Bot Running!'
2021-04-25 11:04:43 - b'[DEBUG]  : Mas Wahyu [683970345]: /gicsignal XAUUSD 1D'
2021-04-25 11:04:43 - b'[DEBUG]  : Mas Wahyu [683970345]: Registered User'
2021-04-25 11:05:00 - b'[DEBUG]  : 683970345 | No Alert (/gicsignal XAUUSD 1D)'
2021-04-25 11:05:28 - b'[ERROR]  : -1001450181223 | Message: stale element reference: element is not attached to the page document\n  (Session info: chrome=90.0.4430.85)\n'
2021-04-25 11:06:00 - b'[DEBUG] Application Start...'
2021-04-25 11:06:25 - b'[DEBUG]  : Bot Running!'
2021-04-25 11:07:56 - b'[DEBUG]  : Mas Wahyu [683970345]: /gicsignal XAUUSD 1D'
2021-04-25 11:07:56 - b'[DEBUG]  : Mas Wahyu [683970345]: Registered User'
2021-04-25 11:08:09 - b'[DEBUG]  : 683970345 | No Alert (/gicsignal XAUUSD 1D)'
2021-04-25 11:08:36 - b'[ERROR]  : -1001450181223 | Message: stale element reference: element is not attached to the page document\n  (Session info: chrome=90.0.4430.85)\n'
2021-04-25 11:09:49 - b'[DEBUG]  : Mas Wahyu [683970345]: /gicsignal XAUUSD 1D'
2021-04-25 11:09:49 - b'[DEBUG]  : Mas Wahyu [683970345]: Registered User'
2021-04-25 11:09:59 - b'[DEBUG]  : 683970345 | No Alert (/gicsignal XAUUSD 1D)'
2021-04-25 11:10:01 - b'[ERROR]  : -1001450181223 | Message: element click intercepted: Element <div id="header-toolbar-symbol-search" data-role="button" class="button-2Vpz_LXc button-1n0tF4SR apply-common-tooltip isInteractive-2Vpz_LXc" title="Symbol Search">...</div> is not clickable at point (106, 19). Other element would receive the click: <div class="container-2qEpRlNG">...</div>\n  (Session info: chrome=90.0.4430.85)\n'
2021-04-25 11:10:29 - b'[DEBUG] Application Start...'
2021-04-25 11:10:55 - b'[DEBUG]  : Bot Running!'
2021-04-25 11:12:14 - b'[DEBUG]  : Mas Wahyu [683970345]: /gicsignal XAUUSD 1D'
2021-04-25 11:12:14 - b'[DEBUG]  : Mas Wahyu [683970345]: Registered User'
2021-04-25 11:12:26 - b'[DEBUG]  : 683970345 | No Alert (/gicsignal XAUUSD 1D)'
2021-04-25 11:12:54 - b'[ERROR]  : -1001450181223 | Message: stale element reference: element is not attached to the page document\n  (Session info: chrome=90.0.4430.85)\n'
2021-04-25 11:14:38 - b'[DEBUG] Application Start...'
2021-04-25 11:15:04 - b'[DEBUG]  : Bot Running!'
2021-04-25 11:15:15 - b'[DEBUG]  : Mas Wahyu [683970345]: /gicsignal XAUUSD 1D'
2021-04-25 11:15:15 - b'[DEBUG]  : Mas Wahyu [683970345]: Registered User'
2021-04-25 11:15:28 - b'[DEBUG]  : 683970345 | No Alert (/gicsignal XAUUSD 1D)'
2021-04-25 11:15:49 - b'[ERROR]  : -1001450181223 | Message: no such window: target window already closed\nfrom unknown error: web view not found\n  (Session info: chrome=90.0.4430.85)\n'
2021-04-25 11:17:32 - b'[DEBUG] Application Start...'
2021-04-25 11:17:58 - b'[DEBUG]  : Bot Running!'
2021-04-25 11:18:31 - b'[DEBUG]  : Mas Wahyu [683970345]: /gicsignal XAUUSD 1D'
2021-04-25 11:18:31 - b'[DEBUG]  : Mas Wahyu [683970345]: Registered User'
2021-04-25 11:23:23 - b'[DEBUG] Application Start...'
2021-04-25 11:23:25 - b'[ERROR]  : Message: unknown error: net::ERR_INTERNET_DISCONNECTED\n  (Session info: chrome=90.0.4430.85)\n'
2021-04-25 11:23:36 - b'[DEBUG] Application Start...'
2021-04-25 11:24:22 - b'[DEBUG]  : Bot Running!'
2021-04-25 11:24:34 - b'[DEBUG]  : Mas Wahyu [683970345]: /gicsignal XAUUSD 1D'
2021-04-25 11:24:34 - b'[DEBUG]  : Mas Wahyu [683970345]: Registered User'
2021-04-25 11:24:49 - b'[DEBUG]  : 683970345 | No Alert (/gicsignal XAUUSD 1D)'
2021-04-25 11:25:10 - b'[ERROR]  : -1001450181223 | can only concatenate str (not "NoneType") to str'
2021-04-25 11:29:39 - b'[DEBUG] Application Start...'
2021-04-25 11:30:05 - b'[DEBUG]  : Bot Running!'
2021-04-25 11:30:40 - b'[DEBUG] Application Start...'
2021-04-25 11:31:06 - b'[DEBUG]  : Bot Running!'
2021-04-25 11:31:17 - b'[DEBUG]  : Mas Wahyu [683970345]: /gicsignal XAUUSD 1D'
2021-04-25 11:31:17 - b'[DEBUG]  : Mas Wahyu [683970345]: Registered User'
2021-04-25 11:31:35 - b'[DEBUG]  : 683970345 | No Alert (/gicsignal XAUUSD 1D)'
2021-04-25 11:31:57 - b'[ERROR]  : -1001450181223 | Message: stale element reference: element is not attached to the page document\n  (Session info: chrome=90.0.4430.85)\n'
2021-04-25 11:32:25 - b'[DEBUG]  : Mas Wahyu [683970345]: /gicsignal XAUUSD 1D'
2021-04-25 11:32:25 - b'[DEBUG]  : Mas Wahyu [683970345]: Registered User'
2021-04-25 11:32:38 - b'[DEBUG]  : 683970345 | No Alert (/gicsignal XAUUSD 1D)'
2021-04-25 11:32:59 - b'[ERROR]  : -1001450181223 | Message: stale element reference: element is not attached to the page document\n  (Session info: chrome=90.0.4430.85)\n'
2021-04-25 11:33:23 - b'[DEBUG] Application Start...'
2021-04-25 11:33:49 - b'[DEBUG]  : Bot Running!'
2021-04-25 11:33:51 - b'[DEBUG]  : Mas Wahyu [683970345]: Registered User'
2021-04-25 11:33:51 - b'[DEBUG]  : Mas Wahyu [683970345]: /gicsignal XAUUSD 1D'
2021-04-25 11:34:01 - b'[DEBUG]  : 683970345 | No Alert (/gicsignal XAUUSD 1D)'
2021-04-25 11:34:21 - b'[ERROR]  : -1001450181223 | Message: no such window: target window already closed\nfrom unknown error: web view not found\n  (Session info: chrome=90.0.4430.85)\n'
2021-04-25 11:34:57 - b'[DEBUG] Application Start...'
2021-04-25 11:35:24 - b'[DEBUG]  : Bot Running!'
2021-04-25 11:35:27 - b'[DEBUG]  : Mas Wahyu [683970345]: /gicsignal XAUUSD 1D'
2021-04-25 11:35:27 - b'[DEBUG]  : Mas Wahyu [683970345]: Registered User'
2021-04-25 11:35:40 - b'[DEBUG]  : 683970345 | No Alert (/gicsignal XAUUSD 1D)'
2021-04-25 11:35:57 - b'[ERROR]  : -1001450181223 | Message: stale element reference: element is not attached to the page document\n  (Session info: chrome=90.0.4430.85)\n'
2021-04-25 11:37:34 - b'[DEBUG] Application Start...'
2021-04-25 11:38:24 - b'[DEBUG]  : Bot Running!'
2021-04-25 11:38:26 - b'[DEBUG]  : Mas Wahyu [683970345]: /gicsignal XAUUSD 1D'
2021-04-25 11:38:26 - b'[DEBUG]  : Mas Wahyu [683970345]: Registered User'
2021-04-25 11:38:44 - b'[DEBUG]  : 683970345 | No Alert (/gicsignal XAUUSD 1D)'
2021-04-25 11:39:05 - b'[ERROR]  : -1001450181223 | Message: no such window: target window already closed\nfrom unknown error: web view not found\n  (Session info: chrome=90.0.4430.85)\n'
2021-04-25 11:39:44 - b'[DEBUG] Application Start...'
2021-04-25 11:40:11 - b'[DEBUG]  : Bot Running!'
2021-04-25 11:40:18 - b'[DEBUG]  : Mas Wahyu [683970345]: /gicsignal XAUUSD 1D'
2021-04-25 11:40:18 - b'[DEBUG]  : Mas Wahyu [683970345]: Registered User'
2021-04-25 11:40:32 - b'[DEBUG]  : 683970345 | No Alert (/gicsignal XAUUSD 1D)'
2021-04-25 11:40:50 - b'[ERROR]  : -1001450181223 | Message: stale element reference: element is not attached to the page document\n  (Session info: chrome=90.0.4430.85)\n'
2021-04-25 11:41:28 - b'[DEBUG] Application Start...'
2021-04-25 11:42:45 - b'[DEBUG] Application Start...'
2021-04-25 11:43:14 - b'[DEBUG]  : Bot Running!'
2021-04-25 11:43:15 - b'[DEBUG]  : Mas Wahyu [683970345]: /gicsignal XAUUSD 1D'
2021-04-25 11:43:15 - b'[DEBUG]  : Mas Wahyu [683970345]: Registered User'
2021-04-25 11:43:29 - b'[DEBUG]  : 683970345 | No Alert (/gicsignal XAUUSD 1D)'
2021-04-25 11:43:52 - b'[ERROR]  : -1001450181223 | Message: no such window: target window already closed\nfrom unknown error: web view not found\n  (Session info: chrome=90.0.4430.85)\n'
2021-04-25 11:44:03 - b'[DEBUG]  : Mas Wahyu [683970345]: /gicsignal XAUUSD 1D'
2021-04-25 11:44:03 - b'[DEBUG]  : Mas Wahyu [683970345]: Registered User'
2021-04-25 11:44:03 - b'[DEBUG]  : 683970345 | Waiting other command (/gicsignal XAUUSD 1D) '
2021-04-25 11:44:25 - b'[ERROR]  : -1001450181223 | Message: no such window: target window already closed\nfrom unknown error: web view not found\n  (Session info: chrome=90.0.4430.85)\n'
2021-04-25 11:56:29 - b'[DEBUG] Application Start...'
2021-04-25 11:56:31 - b'[ERROR]  : Message: unknown error: net::ERR_INTERNET_DISCONNECTED\n  (Session info: chrome=90.0.4430.85)\n'
2021-04-25 11:56:51 - b'[DEBUG] Application Start...'
2021-04-25 11:57:21 - b'[DEBUG]  : Bot Running!'
2021-04-25 11:57:41 - b'[DEBUG]  : Mas Wahyu [683970345]: /gicsignal XAUUSD 1D'
2021-04-25 11:57:41 - b'[DEBUG]  : Mas Wahyu [683970345]: Registered User'
2021-04-25 11:57:55 - b'[DEBUG]  : 683970345 | No Alert (/gicsignal XAUUSD 1D)'
2021-04-25 11:58:16 - b'[ERROR]  : -1001450181223 | Message: stale element reference: element is not attached to the page document\n  (Session info: chrome=90.0.4430.85)\n'
2021-04-25 11:58:27 - b'[DEBUG]  : Mas Wahyu [683970345]: /gicsignal XAUUSD 1D'
2021-04-25 11:58:27 - b'[DEBUG]  : Mas Wahyu [683970345]: Registered User'
2021-04-25 11:58:38 - b'[DEBUG]  : 683970345 | No Alert (/gicsignal XAUUSD 1D)'
2021-04-25 11:58:58 - b'[ERROR]  : -1001450181223 | Message: stale element reference: element is not attached to the page document\n  (Session info: chrome=90.0.4430.85)\n'
2021-04-25 11:59:40 - b'[DEBUG]  : Mas Wahyu [683970345]: /gicsignal XAUUSD 1D'
2021-04-25 11:59:40 - b'[DEBUG]  : Mas Wahyu [683970345]: Registered User'
2021-04-25 11:59:52 - b'[DEBUG]  : 683970345 | No Alert (/gicsignal XAUUSD 1D)'
2021-04-25 12:00:12 - b'[ERROR]  : -1001450181223 | Message: stale element reference: element is not attached to the page document\n  (Session info: chrome=90.0.4430.85)\n'
2021-04-25 12:00:32 - b'[DEBUG] Application Start...'
2021-04-25 12:01:02 - b'[DEBUG]  : Bot Running!'
2021-04-25 12:01:04 - b'[DEBUG]  : Mas Wahyu [683970345]: /gicsignal XAUUSD 1D'
2021-04-25 12:01:04 - b'[DEBUG]  : Mas Wahyu [683970345]: Registered User'
2021-04-25 12:01:55 - b'[DEBUG]  : 683970345 | No Alert (/gicsignal XAUUSD 1D)'
2021-04-25 12:02:20 - b'[ERROR]  : -1001450181223 | Message: stale element reference: element is not attached to the page document\n  (Session info: chrome=90.0.4430.85)\n'
2021-04-25 12:02:48 - b'[DEBUG]  : Mas Wahyu [683970345]: Registered User'
2021-04-25 12:02:48 - b'[DEBUG]  : Mas Wahyu [683970345]: /gicsignal XAUUSD 1D'
2021-04-25 12:03:01 - b'[DEBUG]  : 683970345 | No Alert (/gicsignal XAUUSD 1D)'
2021-04-25 12:03:23 - b'[ERROR]  : -1001450181223 | Message: stale element reference: element is not attached to the page document\n  (Session info: chrome=90.0.4430.85)\n'
2021-04-25 12:03:52 - b'[DEBUG] Application Start...'
2021-04-25 12:04:21 - b'[DEBUG]  : Bot Running!'
2021-04-25 12:04:22 - b'[DEBUG]  : Mas Wahyu [683970345]: /gicsignal XAUUSD 1D'
2021-04-25 12:04:22 - b'[DEBUG]  : Mas Wahyu [683970345]: Registered User'
2021-04-25 12:04:33 - b'[DEBUG]  : 683970345 | No Alert (/gicsignal XAUUSD 1D)'
2021-04-25 12:04:54 - b'[ERROR]  : -1001450181223 | Message: stale element reference: element is not attached to the page document\n  (Session info: chrome=90.0.4430.85)\n'
2021-04-25 12:05:24 - b'[DEBUG] Application Start...'
2021-04-25 12:05:51 - b'[DEBUG]  : Bot Running!'
2021-04-25 12:05:52 - b'[DEBUG]  : Mas Wahyu [683970345]: /gicsignal XAUUSD 1D'
2021-04-25 12:05:52 - b'[DEBUG]  : Mas Wahyu [683970345]: Registered User'
2021-04-25 12:06:04 - b'[DEBUG]  : 683970345 | No Alert (/gicsignal XAUUSD 1D)'
2021-04-25 12:06:24 - b'[ERROR]  : -1001450181223 | Message: stale element reference: element is not attached to the page document\n  (Session info: chrome=90.0.4430.85)\n'
2021-04-25 12:07:04 - b'[DEBUG] Application Start...'
2021-04-25 12:07:45 - b'[DEBUG]  : Bot Running!'
2021-04-25 12:07:46 - b'[DEBUG]  : Mas Wahyu [683970345]: /gicsignal XAUUSD 1D'
2021-04-25 12:07:46 - b'[DEBUG]  : Mas Wahyu [683970345]: Registered User'
2021-04-25 12:08:04 - b'[DEBUG]  : 683970345 | No Alert (/gicsignal XAUUSD 1D)'
2021-04-25 12:08:28 - b'[ERROR]  : -1001450181223 | Message: stale element reference: element is not attached to the page document\n  (Session info: chrome=90.0.4430.85)\n'
2021-04-25 12:09:13 - b'[DEBUG] Application Start...'
2021-04-25 12:09:42 - b'[DEBUG]  : Bot Running!'
2021-04-25 12:09:43 - b'[DEBUG]  : Mas Wahyu [683970345]: /gicsignal XAUUSD 1D'
2021-04-25 12:09:43 - b'[DEBUG]  : Mas Wahyu [683970345]: Registered User'
2021-04-25 12:09:57 - b'[DEBUG]  : 683970345 | No Alert (/gicsignal XAUUSD 1D)'
2021-04-25 12:10:20 - b'[ERROR]  : -1001450181223 | Message: no such window: target window already closed\nfrom unknown error: web view not found\n  (Session info: chrome=90.0.4430.85)\n'
2021-04-25 12:10:30 - b'[DEBUG]  : Mas Wahyu [683970345]: /gicsignal XAUUSD 1D'
2021-04-25 12:10:30 - b'[DEBUG]  : Mas Wahyu [683970345]: Registered User'
2021-04-25 12:10:30 - b'[DEBUG]  : 683970345 | Waiting other command (/gicsignal XAUUSD 1D) '
2021-04-26 20:01:27 - b'[DEBUG] Application Start...'
2021-04-26 20:01:57 - b'[DEBUG]  : Bot Running!'
2021-04-26 20:02:32 - b'[DEBUG]  : Mas Wahyu [683970345]: /gicsignal XAUUSD 1D'
2021-04-26 20:02:33 - b'[DEBUG]  : Mas Wahyu [683970345]: Registered User'
2021-04-26 20:02:43 - b'[DEBUG]  : 683970345 | No Alert (/gicsignal XAUUSD 1D)'
2021-04-26 20:03:05 - b'[ERROR]  : -1001450181223 | Message: no such window: target window already closed\nfrom unknown error: web view not found\n  (Session info: chrome=90.0.4430.85)\n'
2021-04-26 20:03:28 - b'[DEBUG]  : Mas Wahyu [683970345]: /gicsignal XAUUSD 1D'
2021-04-26 20:03:28 - b'[DEBUG]  : Mas Wahyu [683970345]: Registered User'
2021-04-26 20:03:28 - b'[DEBUG]  : 683970345 | Waiting other command (/gicsignal XAUUSD 1D) '
2021-04-26 20:03:49 - b'[ERROR]  : -1001450181223 | Message: no such window: target window already closed\nfrom unknown error: web view not found\n  (Session info: chrome=90.0.4430.85)\n'
2021-04-26 20:04:12 - b'[DEBUG] Application Start...'
2021-04-26 20:04:40 - b'[DEBUG]  : Bot Running!'
2021-04-26 20:04:54 - b'[DEBUG]  : Mas Wahyu [683970345]: /gicsignal XAUUSD 1D'
2021-04-26 20:04:54 - b'[DEBUG]  : Mas Wahyu [683970345]: Registered User'
2021-04-26 20:05:06 - b'[DEBUG]  : 683970345 | No Alert (/gicsignal XAUUSD 1D)'
2021-04-26 20:05:27 - b'[ERROR]  : -1001450181223 | Message: no such window: target window already closed\nfrom unknown error: web view not found\n  (Session info: chrome=90.0.4430.85)\n'
2021-04-26 20:07:08 - b'[DEBUG] Application Start...'
2021-04-26 20:07:41 - b'[DEBUG]  : Bot Running!'
2021-04-26 20:07:46 - b'[DEBUG]  : Mas Wahyu [683970345]: /gicsignal XAUUSD 1D'
2021-04-26 20:07:46 - b'[DEBUG]  : Mas Wahyu [683970345]: Registered User'
2021-04-26 20:07:58 - b'[DEBUG]  : 683970345 | No Alert (/gicsignal XAUUSD 1D)'
2021-04-26 20:08:20 - b'[ERROR]  : -1001450181223 | Message: no such window: target window already closed\nfrom unknown error: web view not found\n  (Session info: chrome=90.0.4430.85)\n'
2021-04-26 20:09:21 - b'[DEBUG] Application Start...'
2021-04-26 20:09:47 - b'[DEBUG]  : Bot Running!'
2021-04-26 20:09:48 - b'[DEBUG]  : Mas Wahyu [683970345]: /gicsignal XAUUSD 1D'
2021-04-26 20:09:48 - b'[DEBUG]  : Mas Wahyu [683970345]: Registered User'
2021-04-26 20:09:59 - b'[DEBUG]  : 683970345 | No Alert (/gicsignal XAUUSD 1D)'
2021-04-26 20:10:18 - b'[ERROR]  : -1001450181223 | Message: stale element reference: element is not attached to the page document\n  (Session info: chrome=90.0.4430.85)\n'
2021-04-26 20:11:23 - b'[DEBUG]  : Mas Wahyu [683970345]: /gicsignal XAUUSD 1D'
2021-04-26 20:11:23 - b'[DEBUG]  : Mas Wahyu [683970345]: Registered User'
2021-04-26 20:11:35 - b'[DEBUG]  : 683970345 | No Alert (/gicsignal XAUUSD 1D)'
2021-04-26 20:11:36 - b'[ERROR]  : -1001450181223 | Message: element click intercepted: Element <div id="header-toolbar-symbol-search" data-role="button" class="button-2Vpz_LXc button-1n0tF4SR apply-common-tooltip isInteractive-2Vpz_LXc" title="Symbol Search">...</div> is not clickable at point (106, 19). Other element would receive the click: <div class="container-2qEpRlNG">...</div>\n  (Session info: chrome=90.0.4430.85)\n'
2021-04-26 20:12:14 - b'[DEBUG] Application Start...'
2021-04-26 20:12:41 - b'[DEBUG]  : Bot Running!'
2021-04-26 20:12:57 - b'[DEBUG]  : Mas Wahyu [683970345]: /gicsignal XAUUSD 1D'
2021-04-26 20:12:57 - b'[DEBUG]  : Mas Wahyu [683970345]: Registered User'
2021-04-26 20:13:09 - b'[DEBUG]  : 683970345 | No Alert (/gicsignal XAUUSD 1D)'
2021-04-26 20:13:32 - b'[ERROR]  : -1001450181223 | Message: stale element reference: element is not attached to the page document\n  (Session info: chrome=90.0.4430.85)\n'
2021-04-26 20:19:35 - b'[DEBUG] Application Start...'
2021-04-26 20:20:23 - b'[DEBUG]  : Bot Running!'
2021-04-26 20:20:31 - b'[DEBUG]  : Mas Wahyu [683970345]: /gicsignal XAUUSD 1D'
2021-04-26 20:20:31 - b'[DEBUG]  : Mas Wahyu [683970345]: Registered User'
2021-04-26 20:20:50 - b'[DEBUG]  : 683970345 | No Alert (/gicsignal XAUUSD 1D)'
2021-04-26 20:21:13 - b'[ERROR]  : -1001450181223 | Message: stale element reference: element is not attached to the page document\n  (Session info: chrome=90.0.4430.85)\n'
2021-04-26 20:21:44 - b'[DEBUG]  : Mas Wahyu [683970345]: /gicsignal XAUUSD 1D'
2021-04-26 20:21:44 - b'[DEBUG]  : Mas Wahyu [683970345]: Registered User'
2021-04-26 20:22:10 - b'[DEBUG] Application Start...'
2021-04-26 20:22:58 - b'[ERROR]  : Message: \n'
2021-04-26 20:23:09 - b'[DEBUG] Application Start...'
2021-04-26 20:24:12 - b'[ERROR]  : Message: no such window: target window already closed\nfrom unknown error: web view not found\n  (Session info: chrome=90.0.4430.85)\n'
2021-04-26 20:24:32 - b'[DEBUG] Application Start...'
2021-04-26 20:25:43 - b'[ERROR]  : Message: no such window: target window already closed\nfrom unknown error: web view not found\n  (Session info: chrome=90.0.4430.85)\n'
2021-04-26 20:26:04 - b'[DEBUG] Application Start...'
2021-04-26 20:26:29 - b'[DEBUG]  : Bot Running!'
2021-04-26 20:26:30 - b'[DEBUG]  : Mas Wahyu [683970345]: /gicsignal XAUUSD 1D'
2021-04-26 20:26:30 - b'[DEBUG]  : Mas Wahyu [683970345]: Registered User'
2021-04-26 20:26:30 - b'[DEBUG]  : Mas Wahyu [683970345]: /gicsignal XAUUSD 1D'
2021-04-26 20:27:09 - b'[DEBUG] Application Start...'
2021-04-26 20:27:34 - b'[DEBUG]  : Bot Running!'
2021-04-26 20:27:47 - b'[DEBUG]  : Mas Wahyu [683970345]: /gicsignal XAUUSD 1D'
2021-04-26 20:27:47 - b'[DEBUG]  : Mas Wahyu [683970345]: Registered User'
2021-04-26 20:27:57 - b'[DEBUG]  : 683970345 | No Alert (/gicsignal XAUUSD 1D)'
2021-04-26 20:28:17 - b'[ERROR]  : -1001450181223 | Message: stale element reference: element is not attached to the page document\n  (Session info: chrome=90.0.4430.85)\n'
2021-04-26 20:28:58 - b'[DEBUG]  : Mas Wahyu [683970345]: /gicsignal XAUUSD 1D'
2021-04-26 20:28:58 - b'[DEBUG]  : Mas Wahyu [683970345]: Registered User'
2021-04-26 20:29:08 - b'[DEBUG]  : 683970345 | No Alert (/gicsignal XAUUSD 1D)'
2021-04-26 20:29:25 - b'[ERROR]  : -1001450181223 | Message: stale element reference: element is not attached to the page document\n  (Session info: chrome=90.0.4430.85)\n'
2021-04-26 20:29:41 - b'[DEBUG]  : Mas Wahyu [683970345]: /gicsignal XAUUSD 1D'
2021-04-26 20:29:41 - b'[DEBUG]  : Mas Wahyu [683970345]: Registered User'
2021-04-26 20:29:50 - b'[DEBUG]  : 683970345 | No Alert (/gicsignal XAUUSD 1D)'
2021-04-26 20:30:08 - b'[ERROR]  : -1001450181223 | Message: stale element reference: element is not attached to the page document\n  (Session info: chrome=90.0.4430.85)\n'
2021-04-26 20:30:22 - b'[DEBUG]  : Mas Wahyu [683970345]: /gicsignal XAUUSD 1D'
2021-04-26 20:30:22 - b'[DEBUG]  : Mas Wahyu [683970345]: Registered User'
2021-04-26 20:30:32 - b'[DEBUG]  : 683970345 | No Alert (/gicsignal XAUUSD 1D)'
2021-04-26 20:30:51 - b'[ERROR]  : -1001450181223 | Message: stale element reference: element is not attached to the page document\n  (Session info: chrome=90.0.4430.85)\n'
2021-04-26 20:36:08 - b'[DEBUG] Application Start...'
2021-04-26 20:36:34 - b'[DEBUG]  : Bot Running!'
2021-04-26 20:36:37 - b'[DEBUG]  : Mas Wahyu [683970345]: /gicsignal XAUUSD 1D'
2021-04-26 20:36:37 - b'[DEBUG]  : Mas Wahyu [683970345]: Registered User'
2021-04-26 20:36:48 - b'[DEBUG]  : 683970345 | No Alert (/gicsignal XAUUSD 1D)'
2021-04-26 20:37:04 - b"[ERROR]  : -1001450181223 | [WinError 2] The system cannot find the file specified: 'C:\\\\Users\\\\Legian\\\\Downloads/Save image' -> 'C:\\\\Users\\\\Legian\\\\Documents\\\\Research Python\\\\Bot Tradingview\\\\TradingView - Rev 4/image/2021-04-26_203704.png'"
2021-04-26 20:39:59 - b'[DEBUG] Application Start...'
2021-04-26 20:40:27 - b'[DEBUG]  : Bot Running!'
2021-04-26 20:40:47 - b'[DEBUG]  : Mas Wahyu [683970345]: /gicsignal XAUUSD 1D'
2021-04-26 20:40:47 - b'[DEBUG]  : Mas Wahyu [683970345]: Registered User'
2021-04-26 20:40:57 - b'[DEBUG]  : 683970345 | No Alert (/gicsignal XAUUSD 1D)'
2021-04-26 20:41:13 - b"[ERROR]  : -1001450181223 | [WinError 123] The filename, directory name, or volume label syntax is incorrect: 'C:\\\\Users\\\\Legian\\\\Downloads/https://www.tradingview.com/x/hg45hoZj/' -> 'C:\\\\Users\\\\Legian\\\\Documents\\\\Research Python\\\\Bot Tradingview\\\\TradingView - Rev 4/image/2021-04-26_204113.png'"
2021-04-26 20:43:31 - b'[DEBUG] Application Start...'
2021-04-26 20:43:57 - b'[DEBUG]  : Bot Running!'
2021-04-26 20:43:58 - b'[DEBUG]  : Mas Wahyu [683970345]: Registered User'
2021-04-26 20:43:58 - b'[DEBUG]  : Mas Wahyu [683970345]: /gicsignal XAUUSD 1D'
2021-04-26 20:44:08 - b'[DEBUG]  : 683970345 | No Alert (/gicsignal XAUUSD 1D)'
2021-04-26 20:44:25 - b"[ERROR]  : -1001450181223 | [WinError 2] The system cannot find the file specified: 'C:\\\\Users\\\\Legian\\\\Downloads/ymPUTZSr' -> 'C:\\\\Users\\\\Legian\\\\Documents\\\\Research Python\\\\Bot Tradingview\\\\TradingView - Rev 4/image/2021-04-26_204425.png'"
2021-04-26 20:44:44 - b'[DEBUG] Application Start...'
2021-04-26 20:45:10 - b'[DEBUG]  : Bot Running!'
2021-04-26 20:45:11 - b'[DEBUG]  : Mas Wahyu [683970345]: /gicsignal XAUUSD 1D'
2021-04-26 20:45:11 - b'[DEBUG]  : Mas Wahyu [683970345]: Registered User'
2021-04-26 20:45:21 - b'[DEBUG]  : 683970345 | No Alert (/gicsignal XAUUSD 1D)'
2021-04-26 20:45:42 - b'[DEBUG]  : 683970345 | Send Chart Success (/gicsignal XAUUSD 1D)'
2021-04-26 20:49:17 - b'[DEBUG] Application Start...'
2021-04-26 20:49:43 - b'[DEBUG]  : Bot Running!'
2021-04-26 20:49:44 - b'[DEBUG]  : Mas Wahyu [683970345]: /gicsignal XAUUSD 1D'
2021-04-26 20:49:44 - b'[DEBUG]  : Mas Wahyu [683970345]: Registered User'
2021-04-26 20:49:45 - b'[DEBUG]  : Mas Wahyu [683970345]: /gicwin XAUUSD 1D'
2021-04-26 20:49:45 - b'[DEBUG]  : Mas Wahyu [683970345]: Registered User'
2021-04-26 20:49:45 - b'[DEBUG]  : 683970345 | Waiting other command (/gicwin XAUUSD 1D) '
2021-04-26 20:49:55 - b'[DEBUG]  : 683970345 | No Alert (/gicsignal XAUUSD 1D)'
2021-04-26 20:50:14 - b'[DEBUG]  : 683970345 | No Alert (/gicwin XAUUSD 1D)'
2021-04-26 20:50:15 - b'[ERROR]  : -1001450181223 | Message: element click intercepted: Element <div id="header-toolbar-symbol-search" data-role="button" class="button-2Vpz_LXc button-1n0tF4SR apply-common-tooltip isInteractive-2Vpz_LXc" title="Symbol Search">...</div> is not clickable at point (106, 19). Other element would receive the click: <div class="container-2qEpRlNG">...</div>\n  (Session info: chrome=90.0.4430.85)\n'
2021-04-26 20:50:16 - b'[DEBUG]  : Mas Wahyu [683970345]: /gicrrg XAUUSD 1D'
2021-04-26 20:50:16 - b'[DEBUG]  : Mas Wahyu [683970345]: Registered User'
2021-04-26 20:50:16 - b'[DEBUG]  : 683970345 | Waiting other command (/gicrrg XAUUSD 1D) '
2021-04-26 20:50:28 - b'[ERROR]  : -1001450181223 | Message: \n'
2021-04-26 20:50:28 - b'[DEBUG]  : Mas Wahyu [683970345]: /gicsd XAUUSD 1D'
2021-04-26 20:50:28 - b'[DEBUG]  : Mas Wahyu [683970345]: Registered User'
2021-04-26 20:50:28 - b'[DEBUG]  : 683970345 | Waiting other command (/gicsd XAUUSD 1D) '
2021-04-26 20:50:46 - b'[DEBUG]  : 683970345 | No Alert (/gicrrg XAUUSD 1D)'
2021-04-26 20:50:52 - b'[ERROR]  : -1001450181223 | Message: stale element reference: element is not attached to the page document\n  (Session info: chrome=90.0.4430.85)\n'
2021-04-26 20:50:56 - b'[DEBUG]  : Mas Wahyu [683970345]: /gicsw XAUUSD 1D'
2021-04-26 20:50:56 - b'[DEBUG]  : Mas Wahyu [683970345]: Registered User'
2021-04-26 20:50:56 - b'[DEBUG]  : 683970345 | Waiting other command (/gicsw XAUUSD 1D) '
2021-04-26 20:50:58 - b'[DEBUG]  : 683970345 | No Alert (/gicsd XAUUSD 1D)'
2021-04-26 20:51:13 - b"[ERROR]  : -1001450181223 | [WinError 2] The system cannot find the file specified: 'C:\\\\Users\\\\Legian\\\\Downloads/JdcQ5298.png' -> 'C:\\\\Users\\\\Legian\\\\Documents\\\\Research Python\\\\Bot Tradingview\\\\TradingView - Rev 4/image/2021-04-26_205113.png'"
2021-04-26 20:51:28 - b'[DEBUG] Application Start...'
2021-04-26 20:51:53 - b'[DEBUG]  : Bot Running!'
2021-04-26 20:52:21 - b'[DEBUG]  : Mas Wahyu [683970345]: /gicsignal XAUUSD 1D'
2021-04-26 20:52:21 - b'[DEBUG]  : Mas Wahyu [683970345]: Registered User'
2021-04-26 20:52:33 - b'[DEBUG]  : 683970345 | No Alert (/gicsignal XAUUSD 1D)'
2021-04-26 20:52:49 - b"[ERROR]  : -1001450181223 | [WinError 2] The system cannot find the file specified: 'C:\\\\Users\\\\Legian\\\\Downloads/tAq10FeZ.png' -> 'C:\\\\Users\\\\Legian\\\\Documents\\\\Research Python\\\\Bot Tradingview\\\\TradingView - Rev 4/image/2021-04-26_205249.png'"
2021-04-26 20:53:49 - b'[DEBUG] Application Start...'
2021-04-26 20:54:15 - b'[DEBUG]  : Bot Running!'
2021-04-26 20:54:22 - b'[DEBUG]  : Mas Wahyu [683970345]: /gicsignal XAUUSD 1D'
2021-04-26 20:54:22 - b'[DEBUG]  : Mas Wahyu [683970345]: Registered User'
2021-04-26 20:54:33 - b'[DEBUG]  : 683970345 | No Alert (/gicsignal XAUUSD 1D)'
2021-04-26 20:54:49 - b"[ERROR]  : -1001450181223 | [WinError 2] The system cannot find the file specified: 'C:\\\\Users\\\\Legian\\\\Downloads\\\\\\\\Gp3Ri0ot.png' -> 'C:\\\\Users\\\\Legian\\\\Documents\\\\Research Python\\\\Bot Tradingview\\\\TradingView - Rev 4/image/2021-04-26_205449.png'"
2021-04-26 20:56:56 - b'[DEBUG] Application Start...'
2021-04-26 20:57:23 - b'[DEBUG]  : Bot Running!'
2021-04-26 20:58:00 - b'[DEBUG]  : Mas Wahyu [683970345]: /gicsignal XAUUSD 1D'
2021-04-26 20:58:00 - b'[DEBUG]  : Mas Wahyu [683970345]: Registered User'
2021-04-26 20:58:12 - b'[DEBUG]  : 683970345 | No Alert (/gicsignal XAUUSD 1D)'
2021-04-26 20:58:17 - b'[ERROR]  : -1001450181223 | Message: stale element reference: element is not attached to the page document\n  (Session info: chrome=90.0.4430.85)\n'
2021-04-26 20:58:31 - b'[DEBUG]  : Mas Wahyu [683970345]: /gicsignal XAUUSD 1D'
2021-04-26 20:58:31 - b'[DEBUG]  : Mas Wahyu [683970345]: Registered User'
2021-04-26 20:58:41 - b'[DEBUG]  : 683970345 | No Alert (/gicsignal XAUUSD 1D)'
2021-04-26 20:58:57 - b"[ERROR]  : -1001450181223 | [WinError 2] The system cannot find the file specified: 'C:\\\\Users\\\\Legian\\\\Downloads\\\\wjCZgmTM.png' -> 'C:\\\\Users\\\\Legian\\\\Documents\\\\Research Python\\\\Bot Tradingview\\\\TradingView - Rev 4/image/2021-04-26_205857.png'"
2021-04-26 21:01:51 - b'[DEBUG] Application Start...'
2021-04-26 21:02:19 - b'[DEBUG]  : Bot Running!'
2021-04-26 21:02:42 - b'[DEBUG]  : Mas Wahyu [683970345]: /gicsignal XAUUSD 1D'
2021-04-26 21:02:42 - b'[DEBUG]  : Mas Wahyu [683970345]: Registered User'
2021-04-26 21:02:54 - b'[DEBUG]  : 683970345 | No Alert (/gicsignal XAUUSD 1D)'
2021-04-26 21:03:14 - b'[DEBUG]  : 683970345 | Send Chart Success (/gicsignal XAUUSD 1D)'
2021-04-26 21:05:08 - b'[DEBUG] Application Start...'
2021-04-26 21:05:37 - b'[DEBUG]  : Bot Running!'
2021-04-26 21:06:28 - b'[DEBUG]  : Mas Wahyu [683970345]: /gicsignal XAUUSD 1D'
2021-04-26 21:06:28 - b'[DEBUG]  : Mas Wahyu [683970345]: Registered User'
2021-04-26 21:06:39 - b'[DEBUG]  : 683970345 | No Alert (/gicsignal XAUUSD 1D)'
2021-04-26 21:06:58 - b'[DEBUG]  : 683970345 | Send Chart Success (/gicsignal XAUUSD 1D)'
2021-04-26 21:07:48 - b'[DEBUG]  : Mas Wahyu [683970345]: /gicwin XAUUSD 1D'
2021-04-26 21:07:48 - b'[DEBUG]  : Mas Wahyu [683970345]: Registered User'
2021-04-26 21:08:00 - b'[DEBUG]  : 683970345 | No Alert (/gicwin XAUUSD 1D)'
2021-04-26 21:08:19 - b'[DEBUG]  : 683970345 | Send Chart Success (/gicwin XAUUSD 1D)'
2021-04-26 21:08:47 - b'[DEBUG]  : Mas Wahyu [683970345]: /gicrrg XAUUSD 1D'
2021-04-26 21:08:47 - b'[DEBUG]  : Mas Wahyu [683970345]: Registered User'
2021-04-26 21:08:59 - b'[DEBUG]  : 683970345 | No Alert (/gicrrg XAUUSD 1D)'
2021-04-26 21:09:14 - b"[ERROR]  : -1001450181223 | [WinError 2] The system cannot find the file specified: 'C:\\\\Users\\\\Legian\\\\Downloads/QcpCVBAg.png' -> 'C:\\\\Users\\\\Legian\\\\Documents\\\\Research Python\\\\Bot Tradingview\\\\TradingView - Rev 4/image/2021-04-26_210914.png'"
2021-04-26 21:09:39 - b'[DEBUG]  : Mas Wahyu [683970345]: /gicrrg XAUUSD 1D'
2021-04-26 21:09:39 - b'[DEBUG]  : Mas Wahyu [683970345]: Registered User'
2021-04-26 21:09:51 - b'[DEBUG]  : 683970345 | No Alert (/gicrrg XAUUSD 1D)'
2021-04-26 21:10:09 - b'[DEBUG]  : 683970345 | Send Chart Success (/gicrrg XAUUSD 1D)'
2021-04-26 21:11:21 - b'[DEBUG]  : Mas Wahyu [683970345]: /gicsd XAUUSD 1D'
2021-04-26 21:11:21 - b'[DEBUG]  : Mas Wahyu [683970345]: Registered User'
2021-04-26 21:11:24 - b'[DEBUG]  : Mas Wahyu [683970345]: /gicsw XAUUSD 1D'
2021-04-26 21:11:24 - b'[DEBUG]  : Mas Wahyu [683970345]: Registered User'
2021-04-26 21:11:24 - b'[DEBUG]  : 683970345 | Waiting other command (/gicsw XAUUSD 1D) '
2021-04-26 21:11:34 - b'[DEBUG]  : 683970345 | No Alert (/gicsd XAUUSD 1D)'
2021-04-26 21:11:53 - b'[ERROR]  : -1001450181223 | Message: stale element reference: element is not attached to the page document\n  (Session info: chrome=90.0.4430.85)\n'
2021-04-26 21:11:55 - b'[DEBUG]  : 683970345 | No Alert (/gicsw XAUUSD 1D)'
2021-04-26 21:12:12 - b'[DEBUG]  : 683970345 | Send Chart Success (/gicsw XAUUSD 1D)'
2021-04-26 21:12:47 - b'[DEBUG]  : Mas Wahyu [683970345]: /gicsd XAUUSD 1D'
2021-04-26 21:12:47 - b'[DEBUG]  : Mas Wahyu [683970345]: Registered User'
2021-04-26 21:12:59 - b'[DEBUG]  : 683970345 | No Alert (/gicsd XAUUSD 1D)'
2021-04-26 21:13:15 - b"[ERROR]  : -1001450181223 | [WinError 2] The system cannot find the file specified: 'C:\\\\Users\\\\Legian\\\\Downloads/7Xk8EUie.png' -> 'C:\\\\Users\\\\Legian\\\\Documents\\\\Research Python\\\\Bot Tradingview\\\\TradingView - Rev 4/image/2021-04-26_211314.png'"
2021-04-26 21:13:24 - b'[DEBUG]  : Mas Wahyu [683970345]: /gicsd XAUUSD 1D'
2021-04-26 21:13:24 - b'[DEBUG]  : Mas Wahyu [683970345]: Registered User'
2021-04-26 21:13:38 - b'[DEBUG]  : 683970345 | No Alert (/gicsd XAUUSD 1D)'
2021-04-26 21:13:52 - b"[ERROR]  : -1001450181223 | [WinError 2] The system cannot find the file specified: 'C:\\\\Users\\\\Legian\\\\Downloads/WhlHYqTH.png' -> 'C:\\\\Users\\\\Legian\\\\Documents\\\\Research Python\\\\Bot Tradingview\\\\TradingView - Rev 4/image/2021-04-26_211352.png'"
2021-04-26 21:14:19 - b'[DEBUG]  : Mas Wahyu [683970345]: /gicsd XAUUSD 1D'
2021-04-26 21:14:19 - b'[DEBUG]  : Mas Wahyu [683970345]: Registered User'
2021-04-26 21:14:33 - b'[DEBUG]  : 683970345 | No Alert (/gicsd XAUUSD 1D)'
2021-04-26 21:14:48 - b"[ERROR]  : -1001450181223 | [WinError 2] The system cannot find the file specified: 'C:\\\\Users\\\\Legian\\\\Downloads/dVVlLDXj.png' -> 'C:\\\\Users\\\\Legian\\\\Documents\\\\Research Python\\\\Bot Tradingview\\\\TradingView - Rev 4/image/2021-04-26_211448.png'"
2021-04-26 21:15:20 - b'[DEBUG]  : Mas Wahyu [683970345]: /gicsd XAUUSD 1D'
2021-04-26 21:15:20 - b'[DEBUG]  : Mas Wahyu [683970345]: Registered User'
2021-04-26 21:15:32 - b'[DEBUG]  : 683970345 | No Alert (/gicsd XAUUSD 1D)'
2021-04-26 21:15:48 - b"[ERROR]  : -1001450181223 | [WinError 2] The system cannot find the file specified: 'C:\\\\Users\\\\Legian\\\\Downloads/HzlLu2U4.png' -> 'C:\\\\Users\\\\Legian\\\\Documents\\\\Research Python\\\\Bot Tradingview\\\\TradingView - Rev 4/image/2021-04-26_211548.png'"
2021-04-26 21:16:15 - b'[DEBUG]  : Mas Wahyu [683970345]: /gicsw XAUUSD 1D'
2021-04-26 21:16:15 - b'[DEBUG]  : Mas Wahyu [683970345]: Registered User'
2021-04-26 21:16:28 - b'[DEBUG]  : 683970345 | No Alert (/gicsw XAUUSD 1D)'
2021-04-26 21:16:44 - b"[ERROR]  : -1001450181223 | [WinError 2] The system cannot find the file specified: 'C:\\\\Users\\\\Legian\\\\Downloads/74ydEMoC.png' -> 'C:\\\\Users\\\\Legian\\\\Documents\\\\Research Python\\\\Bot Tradingview\\\\TradingView - Rev 4/image/2021-04-26_211644.png'"
2021-04-26 21:22:39 - b'[DEBUG] Application Start...'
2021-04-26 21:23:07 - b'[DEBUG]  : Bot Running!'
2021-04-26 21:23:13 - b'[DEBUG]  : Mas Wahyu [683970345]: Registered User'
2021-04-26 21:23:13 - b'[DEBUG]  : Mas Wahyu [683970345]: /gicsignal XAUUSD 1D'
2021-04-26 21:23:27 - b'[DEBUG]  : 683970345 | No Alert (/gicsignal XAUUSD 1D)'
2021-04-26 21:23:42 - b'[DEBUG]  : Mas Wahyu [683970345]: /gicwin XAUUSD 1D'
2021-04-26 21:23:42 - b'[DEBUG]  : Mas Wahyu [683970345]: Registered User'
2021-04-26 21:23:42 - b'[DEBUG]  : 683970345 | Waiting other command (/gicwin XAUUSD 1D) '
2021-04-26 21:23:44 - b'[ERROR]  : -1001450181223 | Message: stale element reference: element is not attached to the page document\n  (Session info: chrome=90.0.4430.85)\n'
2021-04-26 21:24:14 - b'[DEBUG]  : 683970345 | No Alert (/gicwin XAUUSD 1D)'
2021-04-26 21:24:19 - b'[DEBUG]  : Mas Wahyu [683970345]: /gicsignal XAUUSD 1D'
2021-04-26 21:24:19 - b'[DEBUG]  : Mas Wahyu [683970345]: Registered User'
2021-04-26 21:24:19 - b'[DEBUG]  : 683970345 | Waiting other command (/gicsignal XAUUSD 1D) '
2021-04-26 21:24:30 - b'[ERROR]  : -1001450181223 | Message: stale element reference: element is not attached to the page document\n  (Session info: chrome=90.0.4430.85)\n'
2021-04-26 21:24:52 - b'[DEBUG]  : 683970345 | No Alert (/gicsignal XAUUSD 1D)'
2021-04-26 21:25:08 - b'[ERROR]  : -1001450181223 | Message: stale element reference: element is not attached to the page document\n  (Session info: chrome=90.0.4430.85)\n'
2021-04-26 21:29:37 - b'[DEBUG] Application Start...'
2021-04-26 21:30:11 - b'[DEBUG]  : Bot Running!'
2021-04-26 21:30:12 - b'[DEBUG]  : Mas Wahyu [683970345]: Registered User'
2021-04-26 21:30:12 - b'[DEBUG]  : Mas Wahyu [683970345]: /gicsignal XAUUSD 1D'
2021-04-26 21:30:24 - b'[DEBUG]  : 683970345 | No Alert (/gicsignal XAUUSD 1D)'
2021-04-26 21:30:44 - b'[DEBUG]  : 683970345 | Send Chart Success (/gicsignal XAUUSD 1D)'
2021-04-26 21:31:19 - b'[DEBUG]  : Mas Wahyu [683970345]: /gicsignal XAUUSD 1D'
2021-04-26 21:31:19 - b'[DEBUG]  : Mas Wahyu [683970345]: Registered User'
2021-04-26 21:31:31 - b'[DEBUG]  : 683970345 | No Alert (/gicsignal XAUUSD 1D)'
2021-04-26 21:31:47 - b"[ERROR]  : -1001450181223 | [WinError 2] The system cannot find the file specified: 'C:\\\\Users\\\\Legian\\\\Downloads/hSdOuGcH.png' -> 'C:\\\\Users\\\\Legian\\\\Documents\\\\Research Python\\\\Bot Tradingview\\\\TradingView - Rev 4/image/2021-04-26_213147.png'"
2021-04-26 21:31:59 - b'[DEBUG]  : Mas Wahyu [683970345]: /gicsignal XAUUSD 1D'
2021-04-26 21:31:59 - b'[DEBUG]  : Mas Wahyu [683970345]: Registered User'
2021-04-26 21:32:11 - b'[DEBUG]  : 683970345 | No Alert (/gicsignal XAUUSD 1D)'
2021-04-26 21:32:30 - b'[DEBUG]  : 683970345 | Send Chart Success (/gicsignal XAUUSD 1D)'
2021-04-26 21:34:27 - b'[DEBUG] Application Start...'
2021-04-26 21:34:55 - b'[DEBUG]  : Bot Running!'
2021-04-26 21:35:04 - b'[DEBUG]  : Mas Wahyu [683970345]: /gicsignal XAUUSD 1D'
2021-04-26 21:35:04 - b'[DEBUG]  : Mas Wahyu [683970345]: Registered User'
2021-04-26 21:35:24 - b'[DEBUG]  : 683970345 | No Alert (/gicsignal XAUUSD 1D)'
2021-04-26 21:35:47 - b'[DEBUG]  : 683970345 | Send Chart Success (/gicsignal XAUUSD 1D)'
2021-04-26 21:36:26 - b'[DEBUG] Application Start...'
2021-04-26 21:36:53 - b'[DEBUG]  : Bot Running!'
2021-04-26 21:37:09 - b'[DEBUG]  : Mas Wahyu [683970345]: /gicsignal XAUUSD 1D'
2021-04-26 21:37:09 - b'[DEBUG]  : Mas Wahyu [683970345]: Registered User'
2021-04-26 21:37:21 - b'[DEBUG]  : 683970345 | No Alert (/gicsignal XAUUSD 1D)'
2021-04-26 21:37:42 - b'[DEBUG]  : 683970345 | Send Chart Success (/gicsignal XAUUSD 1D)'
2021-04-26 21:38:08 - b'[DEBUG]  : Mas Wahyu [683970345]: /gicwin XAUUSD 1D'
2021-04-26 21:38:08 - b'[DEBUG]  : Mas Wahyu [683970345]: Registered User'
2021-04-26 21:38:21 - b'[DEBUG]  : 683970345 | No Alert (/gicwin XAUUSD 1D)'
2021-04-26 21:38:41 - b'[DEBUG]  : 683970345 | Send Chart Success (/gicwin XAUUSD 1D)'
2021-04-26 21:39:40 - b'[DEBUG]  : Mas Wahyu [683970345]: /gicrrg XAUUSD 1D'
2021-04-26 21:39:40 - b'[DEBUG]  : Mas Wahyu [683970345]: Registered User'
2021-04-26 21:39:51 - b'[DEBUG]  : 683970345 | No Alert (/gicrrg XAUUSD 1D)'
2021-04-26 21:40:11 - b'[DEBUG]  : 683970345 | Send Chart Success (/gicrrg XAUUSD 1D)'
2021-04-26 21:41:18 - b'[DEBUG]  : Mas Wahyu [683970345]: /gicsd XAUUSD 1D'
2021-04-26 21:41:18 - b'[DEBUG]  : Mas Wahyu [683970345]: Registered User'
2021-04-26 21:41:30 - b'[DEBUG]  : 683970345 | No Alert (/gicsd XAUUSD 1D)'
2021-04-26 21:41:50 - b'[DEBUG]  : 683970345 | Send Chart Success (/gicsd XAUUSD 1D)'
2021-04-26 21:42:10 - b'[DEBUG]  : Mas Wahyu [683970345]: /gicsw XAUUSD 1D'
2021-04-26 21:42:10 - b'[DEBUG]  : Mas Wahyu [683970345]: Registered User'
2021-04-26 21:42:22 - b'[DEBUG]  : 683970345 | No Alert (/gicsw XAUUSD 1D)'
2021-04-26 21:42:43 - b'[DEBUG]  : 683970345 | Send Chart Success (/gicsw XAUUSD 1D)'
